Beginning the upload for 1010 (png+json) pairs
started at: 1641164789743
wallet public key: 43LahghZZ1KDYgHsdpYzv9kTaZaRWv95RXGtEJnWBxtr
Writing indices 0-4
Writing indices 1000-1004
Writing indices 5-9
Writing indices 1005-1009
Writing indices 10-14
Writing indices 15-19
Writing indices 20-24
Writing indices 25-29
Writing indices 30-34
Writing indices 35-39
Writing indices 40-44
Writing indices 45-49
Writing indices 50-54
Writing indices 55-59
Writing indices 60-64
Writing indices 65-69
Writing indices 70-74
Writing indices 75-79
Writing indices 80-84
Writing indices 85-89
Writing indices 90-94
Writing indices 95-99
Writing indices 100-104
Writing indices 105-109
Writing indices 110-114
Writing indices 115-119
Writing indices 120-124
Writing indices 125-129
Writing indices 130-134
Writing indices 135-139
Writing indices 140-144
Writing indices 145-149
Writing indices 150-154
Writing indices 155-159
Writing indices 160-164
Writing indices 165-169
Writing indices 170-174
Writing indices 175-179
Writing indices 180-184
Writing indices 185-189
Writing indices 190-194
Writing indices 195-199
Writing indices 200-204
Writing indices 205-209
Writing indices 210-214
Writing indices 215-219
Writing indices 220-224
Writing indices 225-229
Writing indices 230-234
Writing indices 235-239
Writing indices 240-244
Writing indices 245-249
Writing indices 250-254
Writing indices 255-259
Writing indices 260-264
Writing indices 265-269
Writing indices 270-274
Writing indices 275-279
Writing indices 280-284
Writing indices 285-289
Writing indices 290-294
Writing indices 295-299
Writing indices 300-304
Writing indices 305-309
Writing indices 310-314
Writing indices 315-319
Writing indices 320-324
Writing indices 325-329
Writing indices 330-334
Writing indices 335-339
Writing indices 340-344
Writing indices 345-349
Writing indices 350-354
Writing indices 355-359
Writing indices 360-364
Writing indices 365-369
Writing indices 370-374
Writing indices 375-379
Writing indices 380-384
Writing indices 385-389
Writing indices 390-394
Writing indices 395-399
Writing indices 400-404
Writing indices 405-409
Writing indices 410-414
Writing indices 415-419
Writing indices 420-424
Writing indices 425-429
Writing indices 430-434
Writing indices 435-439
Writing indices 440-444
Writing indices 445-449
Writing indices 450-454
Writing indices 455-459
Writing indices 460-464
Writing indices 465-469
Writing indices 470-474
Writing indices 475-479
Writing indices 480-484
Writing indices 485-489
Writing indices 490-494
Writing indices 495-499
Writing indices 500-504
Writing indices 505-509
Writing indices 510-514
Writing indices 515-519
Writing indices 520-524
Writing indices 525-529
Writing indices 530-534
Writing indices 535-539
Writing indices 540-544
Writing indices 545-549
Writing indices 550-554
Writing indices 555-559
Writing indices 560-564
Writing indices 565-569
Writing indices 570-574
Writing indices 575-579
Writing indices 580-584
Writing indices 585-589
Writing indices 590-594
Writing indices 595-599
Writing indices 600-604
Writing indices 605-609
Writing indices 610-614
Writing indices 615-619
Writing indices 620-624
Writing indices 625-629
Writing indices 630-634
Writing indices 635-639
Writing indices 640-644
Writing indices 645-649
Writing indices 650-654
Writing indices 655-659
Writing indices 660-664
Writing indices 665-669
Writing indices 670-674
Writing indices 675-679
Writing indices 680-684
Writing indices 685-689
Writing indices 690-694
Writing indices 695-699
Writing indices 700-704
Writing indices 705-709
Writing indices 710-714
Writing indices 715-719
Writing indices 720-724
Writing indices 725-729
Writing indices 730-734
Writing indices 735-739
Writing indices 740-744
Writing indices 745-749
Writing indices 750-754
Writing indices 755-759
Writing indices 760-764
Writing indices 765-769
Writing indices 770-774
Writing indices 775-779
Writing indices 780-784
Writing indices 785-789
Writing indices 790-794
Writing indices 795-799
Writing indices 800-804
Writing indices 805-809
Writing indices 810-814
Writing indices 815-819
Writing indices 820-824
Writing indices 825-829
Writing indices 830-834
Writing indices 835-839
Writing indices 840-844
Writing indices 845-849
Writing indices 850-854
Writing indices 855-859
Writing indices 860-864
Writing indices 865-869
Writing indices 870-874
Writing indices 875-879
Writing indices 880-884
Writing indices 885-889
Writing indices 890-894
Writing indices 895-899
Writing indices 900-904
Writing indices 905-909
Writing indices 910-914
Writing indices 915-919
Writing indices 920-924
Writing indices 925-929
Writing indices 930-934
Writing indices 935-939
Writing indices 940-944
Writing indices 945-949
Writing indices 950-954
Writing indices 955-959
Writing indices 960-964
Writing indices 965-969
Writing indices 970-974
Writing indices 975-979
Writing indices 980-984
Writing indices 985-989
Writing indices 990-994
Writing indices 995-999
Done. Successful = true.
ended at: 2022-01-03T00:00:08.817Z. time taken: 00:53:39
